<?xml version="1.0" encoding="UTF-8"?>
<!-- Generated by org.testng.reporters.JUnitXMLReporter -->
<testsuite hostname="sainaresh-PC" name="login" tests="1" failures="1" timestamp="11 Nov 2015 19:43:54 GMT" time="3.218" errors="0">
  <testcase name="loginTest" time="3.153" classname="facebook.FacebookLogin">
    <failure type="java.lang.ClassCastException" message="java.lang.String cannot be cast to java.util.Map">
      <![CDATA[java.lang.ClassCastException: java.lang.String cannot be cast to java.util.Map
	at org.openqa.selenium.remote.RemoteWebDriver.startSession(RemoteWebDriver.java:244)
	at org.openqa.selenium.remote.RemoteWebDriver.<init>(RemoteWebDriver.java:128)
	at org.openqa.selenium.remote.RemoteWebDriver.<init>(RemoteWebDriver.java:155)
	at facebook.FacebookLogin.loginTest(FacebookLogin.java:21)
... Removed 24 stack frames]]>
    </failure>
  </testcase> <!-- loginTest -->
</testsuite> <!-- login -->
