<?xml version="1.0" encoding="UTF-8"?>
<testng-results skipped="0" failed="0" total="1" passed="1">
  <reporter-output>
  </reporter-output>
  <suite name="wordpress" duration-ms="88907" started-at="2015-11-19T10:55:32Z" finished-at="2015-11-19T10:57:01Z">
    <groups>
    </groups>
    <test name="validatewordpressinvalidlogin" duration-ms="88907" started-at="2015-11-19T10:55:32Z" finished-at="2015-11-19T10:57:01Z">
      <class name="com.wordpress.testcases.ValidateWordPressValidLogin">
        <test-method status="PASS" signature="validatevalidLogin()[pri:0, instance:com.wordpress.testcases.ValidateWordPressValidLogin@2b426075]" name="validatevalidLogin" duration-ms="88826" started-at="2015-11-19T16:25:32Z" finished-at="2015-11-19T16:27:01Z">
          <reporter-output>
          </reporter-output>
        </test-method> <!-- validatevalidLogin -->
      </class> <!-- com.wordpress.testcases.ValidateWordPressValidLogin -->
    </test> <!-- validatewordpressinvalidlogin -->
  </suite> <!-- wordpress -->
</testng-results>
